*[INFO ]-- Starting Sb101Application using Java 21.0.2 with PID 22128 (C:\Users\srie.l\Downloads\sb101\sb101\target\classes started by srie.l in C:\Users\srie.l\Downloads\sb101\sb101)--
*[INFO ]-- No active profile set, falling back to 1 default profile: "default"--
*[INFO ]-- Starting service [Tomcat]--
*[INFO ]-- Starting Servlet engine: [Apache Tomcat/10.1.28]--
*[INFO ]-- Initializing Spring embedded WebApplicationContext--
*[INFO ]-- HikariPool-1 - Starting...--
*[INFO ]-- HikariPool-1 - Added connection conn0: url=jdbc:h2:file:~/sbcloudnative user=SA--
*[INFO ]-- HikariPool-1 - Start completed.--
*[INFO ]-- Started Sb101Application in 6.007 seconds (process running for 6.807)--
*[INFO ]-- Initializing Spring DispatcherServlet 'dispatcherServlet'--
*[INFO ]-- Init duration for springdoc-openapi is: 497 ms--
*[INFO ]-- Before method:List com.kgisl.sb101.controller.CustomerController.getAllCustomers()--
*[INFO ]-- Class Name :  com.kgisl.sb101.controller.CustomerController--
*[INFO ]-- Entering in Method :  getAllCustomers--
*[INFO ]-- Arguments :  []--
*[INFO ]-- After method:List com.kgisl.sb101.controller.CustomerController.getAllCustomers()--
*[INFO ]-- Class Name :  com.kgisl.sb101.controller.CustomerController--
*[INFO ]-- Entering in Method :  getAllCustomers--
*[INFO ]-- Arguments :  []--
*[INFO ]-- HikariPool-1 - Shutdown initiated...--
*[INFO ]-- HikariPool-1 - Shutdown completed.--
*[INFO ]-- Starting Sb101Application using Java 21.0.2 with PID 18976 (C:\Users\srie.l\Downloads\sb101\sb101\target\classes started by srie.l in C:\Users\srie.l\Downloads\sb101\sb101)--
*[INFO ]-- No active profile set, falling back to 1 default profile: "default"--
*[INFO ]-- Starting service [Tomcat]--
*[INFO ]-- Starting Servlet engine: [Apache Tomcat/10.1.28]--
*[INFO ]-- Initializing Spring embedded WebApplicationContext--
*[INFO ]-- HikariPool-1 - Starting...--
*[INFO ]-- HikariPool-1 - Added connection conn0: url=jdbc:h2:file:~/sbcloudnative user=SA--
*[INFO ]-- HikariPool-1 - Start completed.--
*[INFO ]-- Started Sb101Application in 5.881 seconds (process running for 6.714)--
*[INFO ]-- Initializing Spring DispatcherServlet 'dispatcherServlet'--
*[INFO ]-- Before method:ResponseEntity com.kgisl.sb101.controller.PersonController.createPerson(PersonRequest)--
*[INFO ]-- Class Name :  com.kgisl.sb101.controller.PersonController--
*[INFO ]-- Entering in Method :  createPerson--
*[INFO ]-- Arguments :  [com.kgisl.sb101.service.PersonRequest@74c9279a]--
*[INFO ]-- After method:ResponseEntity com.kgisl.sb101.controller.PersonController.createPerson(PersonRequest)--
*[INFO ]-- Class Name :  com.kgisl.sb101.controller.PersonController--
*[INFO ]-- Entering in Method :  createPerson--
*[INFO ]-- Arguments :  [com.kgisl.sb101.service.PersonRequest@74c9279a]--
*[INFO ]-- HikariPool-1 - Shutdown initiated...--
*[INFO ]-- HikariPool-1 - Shutdown completed.--
*[INFO ]-- Starting Sb101Application using Java 21.0.2 with PID 20612 (C:\Users\srie.l\Downloads\sb101\sb101\target\classes started by srie.l in C:\Users\srie.l\Downloads\sb101\sb101)--
*[INFO ]-- No active profile set, falling back to 1 default profile: "default"--
*[INFO ]-- Starting service [Tomcat]--
*[INFO ]-- Starting Servlet engine: [Apache Tomcat/10.1.28]--
*[INFO ]-- Initializing Spring embedded WebApplicationContext--
*[INFO ]-- HikariPool-1 - Starting...--
*[INFO ]-- HikariPool-1 - Added connection conn0: url=jdbc:h2:file:~/sbcloudnative user=SA--
*[INFO ]-- HikariPool-1 - Start completed.--
*[INFO ]-- Started Sb101Application in 6.047 seconds (process running for 6.959)--
*[INFO ]-- Initializing Spring DispatcherServlet 'dispatcherServlet'--
*[INFO ]-- Init duration for springdoc-openapi is: 413 ms--
*[INFO ]-- Before method:ResponseEntity com.kgisl.sb101.controller.PersonController.createPerson(PersonRequest)--
*[INFO ]-- Class Name :  com.kgisl.sb101.controller.PersonController--
*[INFO ]-- Entering in Method :  createPerson--
*[INFO ]-- Arguments :  [com.kgisl.sb101.service.PersonRequest@5efaf728]--
*[INFO ]-- After method:ResponseEntity com.kgisl.sb101.controller.PersonController.createPerson(PersonRequest)--
*[INFO ]-- Class Name :  com.kgisl.sb101.controller.PersonController--
*[INFO ]-- Entering in Method :  createPerson--
*[INFO ]-- Arguments :  [com.kgisl.sb101.service.PersonRequest@5efaf728]--
*[WARN ]-- HikariPool-1 - Thread starvation or clock leap detected (housekeeper delta=57m55s431ms718µs600ns).--
*[INFO ]-- HikariPool-1 - Shutdown initiated...--
*[INFO ]-- HikariPool-1 - Shutdown completed.--
*[INFO ]-- Starting Sb101Application using Java 21.0.2 with PID 7444 (C:\Users\srie.l\Downloads\sb101\sb101\target\classes started by srie.l in C:\Users\srie.l\Downloads\sb101\sb101)--
*[INFO ]-- No active profile set, falling back to 1 default profile: "default"--
*[INFO ]-- Starting service [Tomcat]--
*[INFO ]-- Starting Servlet engine: [Apache Tomcat/10.1.28]--
*[INFO ]-- Initializing Spring embedded WebApplicationContext--
*[INFO ]-- HikariPool-1 - Starting...--
*[INFO ]-- HikariPool-1 - Added connection conn0: url=jdbc:h2:file:~/sbcloudnative user=SA--
*[INFO ]-- HikariPool-1 - Start completed.--
*[INFO ]-- Started Sb101Application in 6.056 seconds (process running for 6.794)--
*[INFO ]-- Initializing Spring DispatcherServlet 'dispatcherServlet'--
*[INFO ]-- Init duration for springdoc-openapi is: 361 ms--
*[INFO ]-- Before method:ResponseEntity com.kgisl.sb101.controller.PersonController.createPerson(PersonRequest)--
*[INFO ]-- Class Name :  com.kgisl.sb101.controller.PersonController--
*[INFO ]-- Entering in Method :  createPerson--
*[INFO ]-- Arguments :  [com.kgisl.sb101.service.PersonRequest@3bdfc192]--
*[INFO ]-- After Throwing Method:ResponseEntity com.kgisl.sb101.controller.PersonController.createPerson(PersonRequest)--
*[ERROR]-- Exception in method: createPerson with arguments: [com.kgisl.sb101.service.PersonRequest@3bdfc192]--
*[ERROR]-- Exception: --
org.springframework.data.relational.core.conversion.DbActionExecutionException: Failed to execute InsertRoot{entity=Person[id=null, uname=string, email=string], idValueSource=GENERATED}
	at org.springframework.data.jdbc.core.AggregateChangeExecutor.execute(AggregateChangeExecutor.java:118)
	at org.springframework.data.jdbc.core.AggregateChangeExecutor.lambda$executeSave$0(AggregateChangeExecutor.java:61)
	at java.base/java.util.ArrayList.forEach(ArrayList.java:1596)
	at org.springframework.data.relational.core.conversion.SaveBatchingAggregateChange.forEachAction(SaveBatchingAggregateChange.java:74)
	at org.springframework.data.jdbc.core.AggregateChangeExecutor.executeSave(AggregateChangeExecutor.java:61)
	at org.springframework.data.jdbc.core.JdbcAggregateTemplate.performSave(JdbcAggregateTemplate.java:499)
	at org.springframework.data.jdbc.core.JdbcAggregateTemplate.save(JdbcAggregateTemplate.java:170)
	at org.springframework.data.jdbc.repository.support.SimpleJdbcRepository.save(SimpleJdbcRepository.java:68)
	at java.base/jdk.internal.reflect.DirectMethodHandleAccessor.invoke(DirectMethodHandleAccessor.java:103)
	at java.base/java.lang.reflect.Method.invoke(Method.java:580)
	at org.springframework.aop.support.AopUtils.invokeJoinpointUsingReflection(AopUtils.java:355)
	at org.springframework.data.repository.core.support.RepositoryMethodInvoker$RepositoryFragmentMethodInvoker.lambda$new$0(RepositoryMethodInvoker.java:277)
	at org.springframework.data.repository.core.support.RepositoryMethodInvoker.doInvoke(RepositoryMethodInvoker.java:170)
	at org.springframework.data.repository.core.support.RepositoryMethodInvoker.invoke(RepositoryMethodInvoker.java:158)
	at org.springframework.data.repository.core.support.RepositoryComposition$RepositoryFragments.invoke(RepositoryComposition.java:516)
	at org.springframework.data.repository.core.support.RepositoryComposition.invoke(RepositoryComposition.java:285)
	at org.springframework.data.repository.core.support.RepositoryFactorySupport$ImplementationMethodExecutionInterceptor.invoke(RepositoryFactorySupport.java:628)
	at org.springframework.aop.framework.ReflectiveMethodInvocation.proceed(ReflectiveMethodInvocation.java:184)
	at org.springframework.data.repository.core.support.QueryExecutorMethodInterceptor.doInvoke(QueryExecutorMethodInterceptor.java:173)
	at org.springframework.data.repository.core.support.QueryExecutorMethodInterceptor.invoke(QueryExecutorMethodInterceptor.java:148)
	at org.springframework.aop.framework.ReflectiveMethodInvocation.proceed(ReflectiveMethodInvocation.java:184)
	at org.springframework.data.projection.DefaultMethodInvokingMethodInterceptor.invoke(DefaultMethodInvokingMethodInterceptor.java:70)
	at org.springframework.aop.framework.ReflectiveMethodInvocation.proceed(ReflectiveMethodInvocation.java:184)
	at org.springframework.transaction.interceptor.TransactionAspectSupport.invokeWithinTransaction(TransactionAspectSupport.java:379)
	at org.springframework.transaction.interceptor.TransactionInterceptor.invoke(TransactionInterceptor.java:119)
	at org.springframework.aop.framework.ReflectiveMethodInvocation.proceed(ReflectiveMethodInvocation.java:184)
	at org.springframework.dao.support.PersistenceExceptionTranslationInterceptor.invoke(PersistenceExceptionTranslationInterceptor.java:138)
	at org.springframework.aop.framework.ReflectiveMethodInvocation.proceed(ReflectiveMethodInvocation.java:184)
	at org.springframework.aop.interceptor.ExposeInvocationInterceptor.invoke(ExposeInvocationInterceptor.java:97)
	at org.springframework.aop.framework.ReflectiveMethodInvocation.proceed(ReflectiveMethodInvocation.java:184)
	at org.springframework.aop.framework.JdkDynamicAopProxy.invoke(JdkDynamicAopProxy.java:223)
	at jdk.proxy2/jdk.proxy2.$Proxy84.save(Unknown Source)
	at com.kgisl.sb101.controller.PersonController.createPerson(PersonController.java:32)
	at java.base/jdk.internal.reflect.DirectMethodHandleAccessor.invoke(DirectMethodHandleAccessor.java:103)
	at java.base/java.lang.reflect.Method.invoke(Method.java:580)
	at org.springframework.aop.support.AopUtils.invokeJoinpointUsingReflection(AopUtils.java:355)
	at org.springframework.aop.framework.ReflectiveMethodInvocation.invokeJoinpoint(ReflectiveMethodInvocation.java:196)
	at org.springframework.aop.framework.ReflectiveMethodInvocation.proceed(ReflectiveMethodInvocation.java:163)
	at org.springframework.aop.framework.CglibAopProxy$CglibMethodInvocation.proceed(CglibAopProxy.java:768)
	at org.springframework.aop.aspectj.AspectJAfterThrowingAdvice.invoke(AspectJAfterThrowingAdvice.java:64)
	at org.springframework.aop.framework.ReflectiveMethodInvocation.proceed(ReflectiveMethodInvocation.java:184)
	at org.springframework.aop.framework.CglibAopProxy$CglibMethodInvocation.proceed(CglibAopProxy.java:768)
	at org.springframework.aop.aspectj.AspectJAfterAdvice.invoke(AspectJAfterAdvice.java:49)
	at org.springframework.aop.framework.ReflectiveMethodInvocation.proceed(ReflectiveMethodInvocation.java:184)
	at org.springframework.aop.framework.CglibAopProxy$CglibMethodInvocation.proceed(CglibAopProxy.java:768)
	at org.springframework.aop.framework.adapter.MethodBeforeAdviceInterceptor.invoke(MethodBeforeAdviceInterceptor.java:58)
	at org.springframework.aop.framework.ReflectiveMethodInvocation.proceed(ReflectiveMethodInvocation.java:184)
	at org.springframework.aop.framework.CglibAopProxy$CglibMethodInvocation.proceed(CglibAopProxy.java:768)
	at org.springframework.aop.interceptor.ExposeInvocationInterceptor.invoke(ExposeInvocationInterceptor.java:97)
	at org.springframework.aop.framework.ReflectiveMethodInvocation.proceed(ReflectiveMethodInvocation.java:184)
	at org.springframework.aop.framework.CglibAopProxy$CglibMethodInvocation.proceed(CglibAopProxy.java:768)
	at org.springframework.aop.framework.CglibAopProxy$DynamicAdvisedInterceptor.intercept(CglibAopProxy.java:720)
	at com.kgisl.sb101.controller.PersonController$$SpringCGLIB$$0.createPerson(<generated>)
	at java.base/jdk.internal.reflect.DirectMethodHandleAccessor.invoke(DirectMethodHandleAccessor.java:103)
	at java.base/java.lang.reflect.Method.invoke(Method.java:580)
	at org.springframework.web.method.support.InvocableHandlerMethod.doInvoke(InvocableHandlerMethod.java:255)
	at org.springframework.web.method.support.InvocableHandlerMethod.invokeForRequest(InvocableHandlerMethod.java:188)
	at org.springframework.web.servlet.mvc.method.annotation.ServletInvocableHandlerMethod.invokeAndHandle(ServletInvocableHandlerMethod.java:118)
	at org.springframework.web.servlet.mvc.method.annotation.RequestMappingHandlerAdapter.invokeHandlerMethod(RequestMappingHandlerAdapter.java:926)
	at org.springframework.web.servlet.mvc.method.annotation.RequestMappingHandlerAdapter.handleInternal(RequestMappingHandlerAdapter.java:831)
	at org.springframework.web.servlet.mvc.method.AbstractHandlerMethodAdapter.handle(AbstractHandlerMethodAdapter.java:87)
	at org.springframework.web.servlet.DispatcherServlet.doDispatch(DispatcherServlet.java:1089)
	at org.springframework.web.servlet.DispatcherServlet.doService(DispatcherServlet.java:979)
	at org.springframework.web.servlet.FrameworkServlet.processRequest(FrameworkServlet.java:1014)
	at org.springframework.web.servlet.FrameworkServlet.doPost(FrameworkServlet.java:914)
	at jakarta.servlet.http.HttpServlet.service(HttpServlet.java:590)
	at org.springframework.web.servlet.FrameworkServlet.service(FrameworkServlet.java:885)
	at jakarta.servlet.http.HttpServlet.service(HttpServlet.java:658)
	at org.apache.catalina.core.ApplicationFilterChain.internalDoFilter(ApplicationFilterChain.java:195)
	at org.apache.catalina.core.ApplicationFilterChain.doFilter(ApplicationFilterChain.java:140)
	at org.apache.tomcat.websocket.server.WsFilter.doFilter(WsFilter.java:51)
	at org.apache.catalina.core.ApplicationFilterChain.internalDoFilter(ApplicationFilterChain.java:164)
	at org.apache.catalina.core.ApplicationFilterChain.doFilter(ApplicationFilterChain.java:140)
	at org.springframework.web.filter.RequestContextFilter.doFilterInternal(RequestContextFilter.java:100)
	at org.springframework.web.filter.OncePerRequestFilter.doFilter(OncePerRequestFilter.java:116)
	at org.apache.catalina.core.ApplicationFilterChain.internalDoFilter(ApplicationFilterChain.java:164)
	at org.apache.catalina.core.ApplicationFilterChain.doFilter(ApplicationFilterChain.java:140)
	at org.springframework.web.filter.FormContentFilter.doFilterInternal(FormContentFilter.java:93)
	at org.springframework.web.filter.OncePerRequestFilter.doFilter(OncePerRequestFilter.java:116)
	at org.apache.catalina.core.ApplicationFilterChain.internalDoFilter(ApplicationFilterChain.java:164)
	at org.apache.catalina.core.ApplicationFilterChain.doFilter(ApplicationFilterChain.java:140)
	at org.springframework.web.filter.CharacterEncodingFilter.doFilterInternal(CharacterEncodingFilter.java:201)
	at org.springframework.web.filter.OncePerRequestFilter.doFilter(OncePerRequestFilter.java:116)
	at org.apache.catalina.core.ApplicationFilterChain.internalDoFilter(ApplicationFilterChain.java:164)
	at org.apache.catalina.core.ApplicationFilterChain.doFilter(ApplicationFilterChain.java:140)
	at org.apache.catalina.core.StandardWrapperValve.invoke(StandardWrapperValve.java:167)
	at org.apache.catalina.core.StandardContextValve.invoke(StandardContextValve.java:90)
	at org.apache.catalina.authenticator.AuthenticatorBase.invoke(AuthenticatorBase.java:483)
	at org.apache.catalina.core.StandardHostValve.invoke(StandardHostValve.java:115)
	at org.apache.catalina.valves.ErrorReportValve.invoke(ErrorReportValve.java:93)
	at org.apache.catalina.core.StandardEngineValve.invoke(StandardEngineValve.java:74)
	at org.apache.catalina.connector.CoyoteAdapter.service(CoyoteAdapter.java:344)
	at org.apache.coyote.http11.Http11Processor.service(Http11Processor.java:384)
	at org.apache.coyote.AbstractProcessorLight.process(AbstractProcessorLight.java:63)
	at org.apache.coyote.AbstractProtocol$ConnectionHandler.process(AbstractProtocol.java:904)
	at org.apache.tomcat.util.net.NioEndpoint$SocketProcessor.doRun(NioEndpoint.java:1741)
	at org.apache.tomcat.util.net.SocketProcessorBase.run(SocketProcessorBase.java:52)
	at org.apache.tomcat.util.threads.ThreadPoolExecutor.runWorker(ThreadPoolExecutor.java:1190)
	at org.apache.tomcat.util.threads.ThreadPoolExecutor$Worker.run(ThreadPoolExecutor.java:659)
	at org.apache.tomcat.util.threads.TaskThread$WrappingRunnable.run(TaskThread.java:63)
	at java.base/java.lang.Thread.run(Thread.java:1583)
Caused by: org.springframework.jdbc.BadSqlGrammarException: PreparedStatementCallback; bad SQL grammar [INSERT INTO "person" ("EMAIL", "UNAME") VALUES (?, ?)]
	at org.springframework.jdbc.support.SQLExceptionSubclassTranslator.doTranslate(SQLExceptionSubclassTranslator.java:103)
	at org.springframework.jdbc.support.AbstractFallbackSQLExceptionTranslator.translate(AbstractFallbackSQLExceptionTranslator.java:107)
	at org.springframework.jdbc.core.JdbcTemplate.translateException(JdbcTemplate.java:1548)
	at org.springframework.jdbc.core.JdbcTemplate.execute(JdbcTemplate.java:677)
	at org.springframework.jdbc.core.JdbcTemplate.update(JdbcTemplate.java:1001)
	at org.springframework.jdbc.core.namedparam.NamedParameterJdbcTemplate.update(NamedParameterJdbcTemplate.java:365)
	at org.springframework.jdbc.core.namedparam.NamedParameterJdbcTemplate.update(NamedParameterJdbcTemplate.java:349)
	at org.springframework.data.jdbc.core.convert.IdGeneratingInsertStrategy.execute(IdGeneratingInsertStrategy.java:68)
	at org.springframework.data.jdbc.core.convert.DefaultDataAccessStrategy.insert(DefaultDataAccessStrategy.java:110)
	at org.springframework.data.jdbc.core.JdbcAggregateChangeExecutionContext.executeInsertRoot(JdbcAggregateChangeExecutionContext.java:83)
	at org.springframework.data.jdbc.core.AggregateChangeExecutor.execute(AggregateChangeExecutor.java:85)
	... 100 common frames omitted
Caused by: org.h2.jdbc.JdbcSQLSyntaxErrorException: Table "person" not found (candidates are: "PERSON"); SQL statement:
INSERT INTO "person" ("EMAIL", "UNAME") VALUES (?, ?) [42103-224]
	at org.h2.message.DbException.getJdbcSQLException(DbException.java:514)
	at org.h2.message.DbException.getJdbcSQLException(DbException.java:489)
	at org.h2.message.DbException.get(DbException.java:223)
	at org.h2.command.Parser.getTableOrViewNotFoundDbException(Parser.java:8067)
	at org.h2.command.Parser.getTableOrViewNotFoundDbException(Parser.java:8035)
	at org.h2.command.Parser.readTableOrView(Parser.java:8024)
	at org.h2.command.Parser.readTableOrView(Parser.java:7990)
	at org.h2.command.Parser.parseInsert(Parser.java:1540)
	at org.h2.command.Parser.parsePrepared(Parser.java:719)
	at org.h2.command.Parser.parse(Parser.java:592)
	at org.h2.command.Parser.parse(Parser.java:564)
	at org.h2.command.Parser.prepareCommand(Parser.java:483)
	at org.h2.engine.SessionLocal.prepareLocal(SessionLocal.java:639)
	at org.h2.engine.SessionLocal.prepareCommand(SessionLocal.java:559)
	at org.h2.jdbc.JdbcConnection.prepareCommand(JdbcConnection.java:1166)
	at org.h2.jdbc.JdbcPreparedStatement.<init>(JdbcPreparedStatement.java:93)
	at org.h2.jdbc.JdbcConnection.prepareStatement(JdbcConnection.java:1094)
	at com.zaxxer.hikari.pool.ProxyConnection.prepareStatement(ProxyConnection.java:335)
	at com.zaxxer.hikari.pool.HikariProxyConnection.prepareStatement(HikariProxyConnection.java)
	at org.springframework.jdbc.core.PreparedStatementCreatorFactory$PreparedStatementCreatorImpl.createPreparedStatement(PreparedStatementCreatorFactory.java:235)
	at org.springframework.jdbc.core.JdbcTemplate.execute(JdbcTemplate.java:656)
	... 107 common frames omitted
*[INFO ]-- After method:ResponseEntity com.kgisl.sb101.controller.PersonController.createPerson(PersonRequest)--
*[INFO ]-- Class Name :  com.kgisl.sb101.controller.PersonController--
*[INFO ]-- Entering in Method :  createPerson--
*[INFO ]-- Arguments :  [com.kgisl.sb101.service.PersonRequest@3bdfc192]--
*[ERROR]-- Servlet.service() for servlet [dispatcherServlet] in context with path [] threw exception [Request processing failed: org.springframework.data.relational.core.conversion.DbActionExecutionException: Failed to execute InsertRoot{entity=Person[id=null, uname=string, email=string], idValueSource=GENERATED}] with root cause--
org.h2.jdbc.JdbcSQLSyntaxErrorException: Table "person" not found (candidates are: "PERSON"); SQL statement:
INSERT INTO "person" ("EMAIL", "UNAME") VALUES (?, ?) [42103-224]
	at org.h2.message.DbException.getJdbcSQLException(DbException.java:514)
	at org.h2.message.DbException.getJdbcSQLException(DbException.java:489)
	at org.h2.message.DbException.get(DbException.java:223)
	at org.h2.command.Parser.getTableOrViewNotFoundDbException(Parser.java:8067)
	at org.h2.command.Parser.getTableOrViewNotFoundDbException(Parser.java:8035)
	at org.h2.command.Parser.readTableOrView(Parser.java:8024)
	at org.h2.command.Parser.readTableOrView(Parser.java:7990)
	at org.h2.command.Parser.parseInsert(Parser.java:1540)
	at org.h2.command.Parser.parsePrepared(Parser.java:719)
	at org.h2.command.Parser.parse(Parser.java:592)
	at org.h2.command.Parser.parse(Parser.java:564)
	at org.h2.command.Parser.prepareCommand(Parser.java:483)
	at org.h2.engine.SessionLocal.prepareLocal(SessionLocal.java:639)
	at org.h2.engine.SessionLocal.prepareCommand(SessionLocal.java:559)
	at org.h2.jdbc.JdbcConnection.prepareCommand(JdbcConnection.java:1166)
	at org.h2.jdbc.JdbcPreparedStatement.<init>(JdbcPreparedStatement.java:93)
	at org.h2.jdbc.JdbcConnection.prepareStatement(JdbcConnection.java:1094)
	at com.zaxxer.hikari.pool.ProxyConnection.prepareStatement(ProxyConnection.java:335)
	at com.zaxxer.hikari.pool.HikariProxyConnection.prepareStatement(HikariProxyConnection.java)
	at org.springframework.jdbc.core.PreparedStatementCreatorFactory$PreparedStatementCreatorImpl.createPreparedStatement(PreparedStatementCreatorFactory.java:235)
	at org.springframework.jdbc.core.JdbcTemplate.execute(JdbcTemplate.java:656)
	at org.springframework.jdbc.core.JdbcTemplate.update(JdbcTemplate.java:1001)
	at org.springframework.jdbc.core.namedparam.NamedParameterJdbcTemplate.update(NamedParameterJdbcTemplate.java:365)
	at org.springframework.jdbc.core.namedparam.NamedParameterJdbcTemplate.update(NamedParameterJdbcTemplate.java:349)
	at org.springframework.data.jdbc.core.convert.IdGeneratingInsertStrategy.execute(IdGeneratingInsertStrategy.java:68)
	at org.springframework.data.jdbc.core.convert.DefaultDataAccessStrategy.insert(DefaultDataAccessStrategy.java:110)
	at org.springframework.data.jdbc.core.JdbcAggregateChangeExecutionContext.executeInsertRoot(JdbcAggregateChangeExecutionContext.java:83)
	at org.springframework.data.jdbc.core.AggregateChangeExecutor.execute(AggregateChangeExecutor.java:85)
	at org.springframework.data.jdbc.core.AggregateChangeExecutor.lambda$executeSave$0(AggregateChangeExecutor.java:61)
	at java.base/java.util.ArrayList.forEach(ArrayList.java:1596)
	at org.springframework.data.relational.core.conversion.SaveBatchingAggregateChange.forEachAction(SaveBatchingAggregateChange.java:74)
	at org.springframework.data.jdbc.core.AggregateChangeExecutor.executeSave(AggregateChangeExecutor.java:61)
	at org.springframework.data.jdbc.core.JdbcAggregateTemplate.performSave(JdbcAggregateTemplate.java:499)
	at org.springframework.data.jdbc.core.JdbcAggregateTemplate.save(JdbcAggregateTemplate.java:170)
	at org.springframework.data.jdbc.repository.support.SimpleJdbcRepository.save(SimpleJdbcRepository.java:68)
	at java.base/jdk.internal.reflect.DirectMethodHandleAccessor.invoke(DirectMethodHandleAccessor.java:103)
	at java.base/java.lang.reflect.Method.invoke(Method.java:580)
	at org.springframework.aop.support.AopUtils.invokeJoinpointUsingReflection(AopUtils.java:355)
	at org.springframework.data.repository.core.support.RepositoryMethodInvoker$RepositoryFragmentMethodInvoker.lambda$new$0(RepositoryMethodInvoker.java:277)
	at org.springframework.data.repository.core.support.RepositoryMethodInvoker.doInvoke(RepositoryMethodInvoker.java:170)
	at org.springframework.data.repository.core.support.RepositoryMethodInvoker.invoke(RepositoryMethodInvoker.java:158)
	at org.springframework.data.repository.core.support.RepositoryComposition$RepositoryFragments.invoke(RepositoryComposition.java:516)
	at org.springframework.data.repository.core.support.RepositoryComposition.invoke(RepositoryComposition.java:285)
	at org.springframework.data.repository.core.support.RepositoryFactorySupport$ImplementationMethodExecutionInterceptor.invoke(RepositoryFactorySupport.java:628)
	at org.springframework.aop.framework.ReflectiveMethodInvocation.proceed(ReflectiveMethodInvocation.java:184)
	at org.springframework.data.repository.core.support.QueryExecutorMethodInterceptor.doInvoke(QueryExecutorMethodInterceptor.java:173)
	at org.springframework.data.repository.core.support.QueryExecutorMethodInterceptor.invoke(QueryExecutorMethodInterceptor.java:148)
	at org.springframework.aop.framework.ReflectiveMethodInvocation.proceed(ReflectiveMethodInvocation.java:184)
	at org.springframework.data.projection.DefaultMethodInvokingMethodInterceptor.invoke(DefaultMethodInvokingMethodInterceptor.java:70)
	at org.springframework.aop.framework.ReflectiveMethodInvocation.proceed(ReflectiveMethodInvocation.java:184)
	at org.springframework.transaction.interceptor.TransactionAspectSupport.invokeWithinTransaction(TransactionAspectSupport.java:379)
	at org.springframework.transaction.interceptor.TransactionInterceptor.invoke(TransactionInterceptor.java:119)
	at org.springframework.aop.framework.ReflectiveMethodInvocation.proceed(ReflectiveMethodInvocation.java:184)
	at org.springframework.dao.support.PersistenceExceptionTranslationInterceptor.invoke(PersistenceExceptionTranslationInterceptor.java:138)
	at org.springframework.aop.framework.ReflectiveMethodInvocation.proceed(ReflectiveMethodInvocation.java:184)
	at org.springframework.aop.interceptor.ExposeInvocationInterceptor.invoke(ExposeInvocationInterceptor.java:97)
	at org.springframework.aop.framework.ReflectiveMethodInvocation.proceed(ReflectiveMethodInvocation.java:184)
	at org.springframework.aop.framework.JdkDynamicAopProxy.invoke(JdkDynamicAopProxy.java:223)
	at jdk.proxy2/jdk.proxy2.$Proxy84.save(Unknown Source)
	at com.kgisl.sb101.controller.PersonController.createPerson(PersonController.java:32)
	at java.base/jdk.internal.reflect.DirectMethodHandleAccessor.invoke(DirectMethodHandleAccessor.java:103)
	at java.base/java.lang.reflect.Method.invoke(Method.java:580)
	at org.springframework.aop.support.AopUtils.invokeJoinpointUsingReflection(AopUtils.java:355)
	at org.springframework.aop.framework.ReflectiveMethodInvocation.invokeJoinpoint(ReflectiveMethodInvocation.java:196)
	at org.springframework.aop.framework.ReflectiveMethodInvocation.proceed(ReflectiveMethodInvocation.java:163)
	at org.springframework.aop.framework.CglibAopProxy$CglibMethodInvocation.proceed(CglibAopProxy.java:768)
	at org.springframework.aop.aspectj.AspectJAfterThrowingAdvice.invoke(AspectJAfterThrowingAdvice.java:64)
	at org.springframework.aop.framework.ReflectiveMethodInvocation.proceed(ReflectiveMethodInvocation.java:184)
	at org.springframework.aop.framework.CglibAopProxy$CglibMethodInvocation.proceed(CglibAopProxy.java:768)
	at org.springframework.aop.aspectj.AspectJAfterAdvice.invoke(AspectJAfterAdvice.java:49)
	at org.springframework.aop.framework.ReflectiveMethodInvocation.proceed(ReflectiveMethodInvocation.java:184)
	at org.springframework.aop.framework.CglibAopProxy$CglibMethodInvocation.proceed(CglibAopProxy.java:768)
	at org.springframework.aop.framework.adapter.MethodBeforeAdviceInterceptor.invoke(MethodBeforeAdviceInterceptor.java:58)
	at org.springframework.aop.framework.ReflectiveMethodInvocation.proceed(ReflectiveMethodInvocation.java:184)
	at org.springframework.aop.framework.CglibAopProxy$CglibMethodInvocation.proceed(CglibAopProxy.java:768)
	at org.springframework.aop.interceptor.ExposeInvocationInterceptor.invoke(ExposeInvocationInterceptor.java:97)
	at org.springframework.aop.framework.ReflectiveMethodInvocation.proceed(ReflectiveMethodInvocation.java:184)
	at org.springframework.aop.framework.CglibAopProxy$CglibMethodInvocation.proceed(CglibAopProxy.java:768)
	at org.springframework.aop.framework.CglibAopProxy$DynamicAdvisedInterceptor.intercept(CglibAopProxy.java:720)
	at com.kgisl.sb101.controller.PersonController$$SpringCGLIB$$0.createPerson(<generated>)
	at java.base/jdk.internal.reflect.DirectMethodHandleAccessor.invoke(DirectMethodHandleAccessor.java:103)
	at java.base/java.lang.reflect.Method.invoke(Method.java:580)
	at org.springframework.web.method.support.InvocableHandlerMethod.doInvoke(InvocableHandlerMethod.java:255)
	at org.springframework.web.method.support.InvocableHandlerMethod.invokeForRequest(InvocableHandlerMethod.java:188)
	at org.springframework.web.servlet.mvc.method.annotation.ServletInvocableHandlerMethod.invokeAndHandle(ServletInvocableHandlerMethod.java:118)
	at org.springframework.web.servlet.mvc.method.annotation.RequestMappingHandlerAdapter.invokeHandlerMethod(RequestMappingHandlerAdapter.java:926)
	at org.springframework.web.servlet.mvc.method.annotation.RequestMappingHandlerAdapter.handleInternal(RequestMappingHandlerAdapter.java:831)
	at org.springframework.web.servlet.mvc.method.AbstractHandlerMethodAdapter.handle(AbstractHandlerMethodAdapter.java:87)
	at org.springframework.web.servlet.DispatcherServlet.doDispatch(DispatcherServlet.java:1089)
	at org.springframework.web.servlet.DispatcherServlet.doService(DispatcherServlet.java:979)
	at org.springframework.web.servlet.FrameworkServlet.processRequest(FrameworkServlet.java:1014)
	at org.springframework.web.servlet.FrameworkServlet.doPost(FrameworkServlet.java:914)
	at jakarta.servlet.http.HttpServlet.service(HttpServlet.java:590)
	at org.springframework.web.servlet.FrameworkServlet.service(FrameworkServlet.java:885)
	at jakarta.servlet.http.HttpServlet.service(HttpServlet.java:658)
	at org.apache.catalina.core.ApplicationFilterChain.internalDoFilter(ApplicationFilterChain.java:195)
	at org.apache.catalina.core.ApplicationFilterChain.doFilter(ApplicationFilterChain.java:140)
	at org.apache.tomcat.websocket.server.WsFilter.doFilter(WsFilter.java:51)
	at org.apache.catalina.core.ApplicationFilterChain.internalDoFilter(ApplicationFilterChain.java:164)
	at org.apache.catalina.core.ApplicationFilterChain.doFilter(ApplicationFilterChain.java:140)
	at org.springframework.web.filter.RequestContextFilter.doFilterInternal(RequestContextFilter.java:100)
	at org.springframework.web.filter.OncePerRequestFilter.doFilter(OncePerRequestFilter.java:116)
	at org.apache.catalina.core.ApplicationFilterChain.internalDoFilter(ApplicationFilterChain.java:164)
	at org.apache.catalina.core.ApplicationFilterChain.doFilter(ApplicationFilterChain.java:140)
	at org.springframework.web.filter.FormContentFilter.doFilterInternal(FormContentFilter.java:93)
	at org.springframework.web.filter.OncePerRequestFilter.doFilter(OncePerRequestFilter.java:116)
	at org.apache.catalina.core.ApplicationFilterChain.internalDoFilter(ApplicationFilterChain.java:164)
	at org.apache.catalina.core.ApplicationFilterChain.doFilter(ApplicationFilterChain.java:140)
	at org.springframework.web.filter.CharacterEncodingFilter.doFilterInternal(CharacterEncodingFilter.java:201)
	at org.springframework.web.filter.OncePerRequestFilter.doFilter(OncePerRequestFilter.java:116)
	at org.apache.catalina.core.ApplicationFilterChain.internalDoFilter(ApplicationFilterChain.java:164)
	at org.apache.catalina.core.ApplicationFilterChain.doFilter(ApplicationFilterChain.java:140)
	at org.apache.catalina.core.StandardWrapperValve.invoke(StandardWrapperValve.java:167)
	at org.apache.catalina.core.StandardContextValve.invoke(StandardContextValve.java:90)
	at org.apache.catalina.authenticator.AuthenticatorBase.invoke(AuthenticatorBase.java:483)
	at org.apache.catalina.core.StandardHostValve.invoke(StandardHostValve.java:115)
	at org.apache.catalina.valves.ErrorReportValve.invoke(ErrorReportValve.java:93)
	at org.apache.catalina.core.StandardEngineValve.invoke(StandardEngineValve.java:74)
	at org.apache.catalina.connector.CoyoteAdapter.service(CoyoteAdapter.java:344)
	at org.apache.coyote.http11.Http11Processor.service(Http11Processor.java:384)
	at org.apache.coyote.AbstractProcessorLight.process(AbstractProcessorLight.java:63)
	at org.apache.coyote.AbstractProtocol$ConnectionHandler.process(AbstractProtocol.java:904)
	at org.apache.tomcat.util.net.NioEndpoint$SocketProcessor.doRun(NioEndpoint.java:1741)
	at org.apache.tomcat.util.net.SocketProcessorBase.run(SocketProcessorBase.java:52)
	at org.apache.tomcat.util.threads.ThreadPoolExecutor.runWorker(ThreadPoolExecutor.java:1190)
	at org.apache.tomcat.util.threads.ThreadPoolExecutor$Worker.run(ThreadPoolExecutor.java:659)
	at org.apache.tomcat.util.threads.TaskThread$WrappingRunnable.run(TaskThread.java:63)
	at java.base/java.lang.Thread.run(Thread.java:1583)
*[INFO ]-- HikariPool-1 - Shutdown initiated...--
*[INFO ]-- HikariPool-1 - Shutdown completed.--
*[INFO ]-- Starting Sb101Application using Java 21.0.2 with PID 16440 (C:\Users\srie.l\Downloads\sb101\sb101\target\classes started by srie.l in C:\Users\srie.l\Downloads\sb101\sb101)--
*[INFO ]-- No active profile set, falling back to 1 default profile: "default"--
*[INFO ]-- Starting service [Tomcat]--
*[INFO ]-- Starting Servlet engine: [Apache Tomcat/10.1.28]--
*[INFO ]-- Initializing Spring embedded WebApplicationContext--
*[INFO ]-- HikariPool-1 - Starting...--
*[INFO ]-- HikariPool-1 - Added connection conn0: url=jdbc:h2:file:~/sbcloudnative user=SA--
*[INFO ]-- HikariPool-1 - Start completed.--
*[INFO ]-- Started Sb101Application in 5.492 seconds (process running for 6.262)--
*[INFO ]-- Initializing Spring DispatcherServlet 'dispatcherServlet'--
*[INFO ]-- Init duration for springdoc-openapi is: 415 ms--
*[INFO ]-- Before method:ResponseEntity com.kgisl.sb101.controller.PersonController.createPerson(PersonRequest)--
*[INFO ]-- Class Name :  com.kgisl.sb101.controller.PersonController--
*[INFO ]-- Entering in Method :  createPerson--
*[INFO ]-- Arguments :  [com.kgisl.sb101.service.PersonRequest@2ed5d001]--
*[INFO ]-- After method:ResponseEntity com.kgisl.sb101.controller.PersonController.createPerson(PersonRequest)--
*[INFO ]-- Class Name :  com.kgisl.sb101.controller.PersonController--
*[INFO ]-- Entering in Method :  createPerson--
*[INFO ]-- Arguments :  [com.kgisl.sb101.service.PersonRequest@2ed5d001]--
*[INFO ]-- HikariPool-1 - Shutdown initiated...--
*[INFO ]-- HikariPool-1 - Shutdown completed.--
*[INFO ]-- Starting Sb101Application using Java 21.0.2 with PID 19536 (C:\Users\srie.l\Downloads\sb101\sb101\target\classes started by srie.l in C:\Users\srie.l\Downloads\sb101\sb101)--
*[INFO ]-- No active profile set, falling back to 1 default profile: "default"--
*[INFO ]-- Starting service [Tomcat]--
*[INFO ]-- Starting Servlet engine: [Apache Tomcat/10.1.28]--
*[INFO ]-- Initializing Spring embedded WebApplicationContext--
*[INFO ]-- HikariPool-1 - Starting...--
*[INFO ]-- HikariPool-1 - Added connection conn0: url=jdbc:h2:file:~/sbcloudnative user=SA--
*[INFO ]-- HikariPool-1 - Start completed.--
*[INFO ]-- Started Sb101Application in 2.98 seconds (process running for 3.334)--
*[INFO ]-- HikariPool-1 - Shutdown initiated...--
*[INFO ]-- HikariPool-1 - Shutdown completed.--
*[INFO ]-- Starting Sb101Application using Java 21.0.2 with PID 23084 (C:\Users\srie.l\Downloads\sb101\sb101\target\classes started by srie.l in C:\Users\srie.l\Downloads\sb101\sb101)--
*[INFO ]-- No active profile set, falling back to 1 default profile: "default"--
*[INFO ]-- Starting service [Tomcat]--
*[INFO ]-- Starting Servlet engine: [Apache Tomcat/10.1.28]--
*[INFO ]-- Initializing Spring embedded WebApplicationContext--
*[INFO ]-- HikariPool-1 - Starting...--
*[INFO ]-- HikariPool-1 - Added connection conn0: url=jdbc:h2:file:~/sbcloudnative user=SA--
*[INFO ]-- HikariPool-1 - Start completed.--
*[INFO ]-- Started Sb101Application in 5.273 seconds (process running for 5.931)--
*[INFO ]-- HikariPool-1 - Shutdown initiated...--
*[INFO ]-- HikariPool-1 - Shutdown completed.--
*[INFO ]-- Starting Sb101ApplicationTests using Java 21.0.2 with PID 18392 (started by srie.l in C:\Users\srie.l\Downloads\sb101\sb101)--
*[INFO ]-- No active profile set, falling back to 1 default profile: "default"--
*[INFO ]-- HikariPool-1 - Starting...--
*[INFO ]-- HikariPool-1 - Added connection conn0: url=jdbc:h2:file:~/sbcloudnative user=SA--
*[INFO ]-- HikariPool-1 - Start completed.--
*[INFO ]-- Started Sb101ApplicationTests in 11.376 seconds (process running for 19.152)--
*[INFO ]-- HikariPool-1 - Shutdown initiated...--
*[INFO ]-- HikariPool-1 - Shutdown completed.--
*[INFO ]-- Starting Sb101Application using Java 21.0.2 with PID 19732 (C:\Users\srie.l\Downloads\sb101\sb101\target\classes started by srie.l in C:\Users\srie.l\Downloads\sb101\sb101)--
*[INFO ]-- No active profile set, falling back to 1 default profile: "default"--
*[INFO ]-- Starting service [Tomcat]--
*[INFO ]-- Starting Servlet engine: [Apache Tomcat/10.1.28]--
*[INFO ]-- Initializing Spring embedded WebApplicationContext--
*[INFO ]-- HikariPool-1 - Starting...--
*[INFO ]-- HikariPool-1 - Added connection conn0: url=jdbc:h2:file:~/sbcloudnative user=SA--
*[INFO ]-- HikariPool-1 - Start completed.--
*[INFO ]-- Started Sb101Application in 5.563 seconds (process running for 6.293)--
*[INFO ]-- Initializing Spring DispatcherServlet 'dispatcherServlet'--
*[INFO ]-- Init duration for springdoc-openapi is: 398 ms--
*[INFO ]-- Before method:ResponseEntity com.kgisl.sb101.controller.PersonController.createPerson(Person)--
*[INFO ]-- Class Name :  com.kgisl.sb101.controller.PersonController--
*[INFO ]-- Entering in Method :  createPerson--
*[INFO ]-- Arguments :  [Person[id=0, uname=string, email=string]]--
*[INFO ]-- After method:ResponseEntity com.kgisl.sb101.controller.PersonController.createPerson(Person)--
*[INFO ]-- Class Name :  com.kgisl.sb101.controller.PersonController--
*[INFO ]-- Entering in Method :  createPerson--
*[INFO ]-- Arguments :  [Person[id=0, uname=string, email=string]]--
*[INFO ]-- Before method:ResponseEntity com.kgisl.sb101.controller.PersonController.getAllPersons()--
*[INFO ]-- Class Name :  com.kgisl.sb101.controller.PersonController--
*[INFO ]-- Entering in Method :  getAllPersons--
*[INFO ]-- Arguments :  []--
*[INFO ]-- After method:ResponseEntity com.kgisl.sb101.controller.PersonController.getAllPersons()--
*[INFO ]-- Class Name :  com.kgisl.sb101.controller.PersonController--
*[INFO ]-- Entering in Method :  getAllPersons--
*[INFO ]-- Arguments :  []--
*[INFO ]-- HikariPool-1 - Shutdown initiated...--
*[INFO ]-- HikariPool-1 - Shutdown completed.--
